H:\VS\FIVECHESS\GOBANG_FIVECHESS\RELEASE\CHESS.OBJ
H:\VS\FIVECHESS\GOBANG_FIVECHESS\RELEASE\CHESSAI.OBJ
H:\VS\FIVECHESS\GOBANG_FIVECHESS\RELEASE\CHESSCOMMON.OBJ
H:\VS\FIVECHESS\GOBANG_FIVECHESS\RELEASE\CHESSDRAW.OBJ
H:\VS\FiveChess\Gobang_FiveChess\Release\cl.command.1.tlog
H:\VS\FiveChess\Gobang_FiveChess\Release\CL.read.1.tlog
H:\VS\FiveChess\Gobang_FiveChess\Release\CL.write.1.tlog
H:\VS\FIVECHESS\GOBANG_FIVECHESS\RELEASE\DIALOGMORE.OBJ
H:\VS\FIVECHESS\GOBANG_FIVECHESS\RELEASE\FACEFUNC.OBJ
H:\VS\FiveChess\Gobang_FiveChess\Release\Gobang_FiveChess.exe.intermediate.manifest
H:\VS\FIVECHESS\GOBANG_FIVECHESS\RELEASE\GOBANG_FIVECHESS.OBJ
H:\VS\FIVECHESS\GOBANG_FIVECHESS\RELEASE\GOBANG_FIVECHESS.PCH
H:\VS\FIVECHESS\GOBANG_FIVECHESS\RELEASE\GOBANG_FIVECHESS.RES
H:\VS\FiveChess\Gobang_FiveChess\Release\Gobang_FiveChess.vcxprojResolveAssemblyReference.cache
H:\VS\FiveChess\Gobang_FiveChess\Release\Gobang_FiveChess.write.1.tlog
H:\VS\FIVECHESS\GOBANG_FIVECHESS\RELEASE\GOBANG_FIVECHESSDLG.OBJ
H:\VS\FiveChess\Gobang_FiveChess\Release\link.command.1.tlog
H:\VS\FiveChess\Gobang_FiveChess\Release\link.read.1.tlog
H:\VS\FiveChess\Gobang_FiveChess\Release\link.write.1.tlog
H:\VS\FiveChess\Gobang_FiveChess\Release\link-cvtres.read.1.tlog
H:\VS\FiveChess\Gobang_FiveChess\Release\link-cvtres.write.1.tlog
H:\VS\FiveChess\Gobang_FiveChess\Release\mt.command.1.tlog
H:\VS\FiveChess\Gobang_FiveChess\Release\mt.read.1.tlog
H:\VS\FiveChess\Gobang_FiveChess\Release\mt.write.1.tlog
H:\VS\FiveChess\Gobang_FiveChess\Release\rc.command.1.tlog
H:\VS\FiveChess\Gobang_FiveChess\Release\rc.read.1.tlog
H:\VS\FiveChess\Gobang_FiveChess\Release\rc.write.1.tlog
H:\VS\FIVECHESS\GOBANG_FIVECHESS\RELEASE\STDAFX.OBJ
H:\VS\FIVECHESS\GOBANG_FIVECHESS\RELEASE\VC100.PDB
H:\VS\FIVECHESS\RELEASE\GOBANG_FIVECHESS.EXE
H:\VS\FiveChess\Release\Gobang_FiveChess.pdb
