Build started 2015/11/23 9:11:10.
     1>Project "H:\VS\FiveChess\Gobang_FiveChess\Gobang_FiveChess.vcxproj" on node 2 (build target(s)).
     1>InitializeBuildStatus:
         Creating "Release\Gobang_FiveChess.unsuccessfulbuild" because "AlwaysCreate" was specified.
       ClCompile:
         d:\Program Files (x86)\Microsoft Visual Studio 10.0\VC\bin\CL.exe /c /Zi /nologo /W3 /WX- /O2 /Oi /Oy- /GL /D WIN32 /D _WINDOWS /D NDEBUG /D _UNICODE /D UNICODE /Gm- /EHsc /MT /GS /Gy /fp:precise /Zc:wchar_t /Zc:forScope /Yc"StdAfx.h" /Fp"Release\Gobang_FiveChess.pch" /Fo"Release\\" /Fd"Release\vc100.pdb" /Gd /TP /analyze- /errorReport:prompt stdafx.cpp
         stdafx.cpp
         d:\Program Files (x86)\Microsoft Visual Studio 10.0\VC\bin\CL.exe /c /Zi /nologo /W3 /WX- /O2 /Oi /Oy- /GL /D WIN32 /D _WINDOWS /D NDEBUG /D _UNICODE /D UNICODE /Gm- /EHsc /MT /GS /Gy /fp:precise /Zc:wchar_t /Zc:forScope /Yu"StdAfx.h" /Fp"Release\Gobang_FiveChess.pch" /Fo"Release\\" /Fd"Release\vc100.pdb" /Gd /TP /analyze- /errorReport:prompt Chess.cpp ChessAI.cpp ChessCommon.cpp ChessDraw.cpp DialogMore.cpp FaceFunc.cpp Gobang_FiveChess.cpp Gobang_FiveChessDlg.cpp
         Chess.cpp
     1>Chess.cpp(42): warning C4244: 'argument' : conversion from 'time_t' to 'unsigned int', possible loss of data
         ChessAI.cpp
         ChessCommon.cpp
         ChessDraw.cpp
         DialogMore.cpp
         FaceFunc.cpp
         Gobang_FiveChess.cpp
         Gobang_FiveChessDlg.cpp
       ResourceCompile:
         C:\Program Files (x86)\Microsoft SDKs\Windows\v7.0A\bin\rc.exe /D NDEBUG /D _UNICODE /D UNICODE /l"0x0804" /IRelease\ /nologo /fo"Release\Gobang_FiveChess.res" Gobang_FiveChess.rc 
       Link:
         d:\Program Files (x86)\Microsoft Visual Studio 10.0\VC\bin\link.exe /ERRORREPORT:PROMPT /OUT:"H:\VS\FiveChess\Release\Gobang_FiveChess.exe" /INCREMENTAL:NO /NOLOGO /MANIFEST /ManifestFile:"Release\Gobang_FiveChess.exe.intermediate.manifest" /MANIFESTUAC:"level='asInvoker' uiAccess='false'" /DEBUG /PDB:"H:\VS\FiveChess\Release\Gobang_FiveChess.pdb" /SUBSYSTEM:WINDOWS /OPT:REF /OPT:ICF /LTCG /TLBID:1 /ENTRY:"wWinMainCRTStartup" /DYNAMICBASE /NXCOMPAT /IMPLIB:"H:\VS\FiveChess\Release\Gobang_FiveChess.lib" /MACHINE:X86 Release\Gobang_FiveChess.res
         Release\Chess.obj
         Release\ChessAI.obj
         Release\ChessCommon.obj
         Release\ChessDraw.obj
         Release\DialogMore.obj
         Release\FaceFunc.obj
         Release\Gobang_FiveChess.obj
         Release\Gobang_FiveChessDlg.obj
         Release\stdafx.obj
         Generating code
         Finished generating code
         Gobang_FiveChess.vcxproj -> H:\VS\FiveChess\Release\Gobang_FiveChess.exe
       Manifest:
         C:\Program Files (x86)\Microsoft SDKs\Windows\v7.0A\bin\mt.exe /nologo /verbose /outputresource:"H:\VS\FiveChess\Release\Gobang_FiveChess.exe;#1" /manifest Release\Gobang_FiveChess.exe.intermediate.manifest "d:\Program Files (x86)\Microsoft Visual Studio 10.0\VC\Include\Manifest\dpiaware.manifest"
       FinalizeBuildStatus:
         Deleting file "Release\Gobang_FiveChess.unsuccessfulbuild".
         Touching "Release\Gobang_FiveChess.lastbuildstate".
     1>Done Building Project "H:\VS\FiveChess\Gobang_FiveChess\Gobang_FiveChess.vcxproj" (build target(s)).

Build succeeded.

Time Elapsed 00:00:06.01
